==================================
|       BABY AnD SIMULATOR       |
==================================
| 1. CTF player profile          |
| 2. Set  name                   |
| 3. Join team                   |
| 4. Add teammate                |
| 5. Change teammate             |
| 6. Exit                        |
==================================
> Name: TBD
Team: TBD
Teammate:
    1. 
    2. 
    3. 
    4. 
    5. 
    6. 
    7. 
    8. 
    9. 
    10. 
==================================
|       BABY AnD SIMULATOR       |
==================================
| 1. CTF player profile          |
| 2. Set  name                   |
| 3. Join team                   |
| 4. Add teammate                |
| 5. Change teammate             |
| 6. Exit                        |
==================================
> Input your name: Is this your name ? JoJo [y/n] ==================================
|       BABY AnD SIMULATOR       |
==================================
| 1. CTF player profile          |
| 2. Set  name                   |
| 3. Join team                   |
| 4. Add teammate                |
| 5. Change teammate             |
| 6. Exit                        |
==================================
> Name: JoJo
Team: TBD
Teammate:
    1. 
    2. 
    3. 
    4. 
    5. 
    6. 
    7. 
    8. 
    9. 
    10. 
==================================
|       BABY AnD SIMULATOR       |
==================================
| 1. CTF player profile          |
| 2. Set  name                   |
| 3. Join team                   |
| 4. Add teammate                |
| 5. Change teammate             |
| 6. Exit                        |
==================================
> Input your name: Is this your name ? Jaja [y/n] Canceled
==================================
|       BABY AnD SIMULATOR       |
==================================
| 1. CTF player profile          |
| 2. Set  name                   |
| 3. Join team                   |
| 4. Add teammate                |
| 5. Change teammate             |
| 6. Exit                        |
==================================
> Your team name: Is this your team? This_is_my_team [y/n] ==================================
|       BABY AnD SIMULATOR       |
==================================
| 1. CTF player profile          |
| 2. Set  name                   |
| 3. Join team                   |
| 4. Add teammate                |
| 5. Change teammate             |
| 6. Exit                        |
==================================
> Name: JoJo
Team: This_is_my_team
Teammate:
    1. 
    2. 
    3. 
    4. 
    5. 
    6. 
    7. 
    8. 
    9. 
    10. 
==================================
|       BABY AnD SIMULATOR       |
==================================
| 1. CTF player profile          |
| 2. Set  name                   |
| 3. Join team                   |
| 4. Add teammate                |
| 5. Change teammate             |
| 6. Exit                        |
==================================
>     1. 
    2. 
    3. 
    4. 
    5. 
    6. 
    7. 
    8. 
    9. 
    10. 
New member : ==================================
|       BABY AnD SIMULATOR       |
==================================
| 1. CTF player profile          |
| 2. Set  name                   |
| 3. Join team                   |
| 4. Add teammate                |
| 5. Change teammate             |
| 6. Exit                        |
==================================
>     1. aaaaaaaaaaaaaa00
    2. 
    3. 
    4. 
    5. 
    6. 
    7. 
    8. 
    9. 
    10. 
New member : ==================================
|       BABY AnD SIMULATOR       |
==================================
| 1. CTF player profile          |
| 2. Set  name                   |
| 3. Join team                   |
| 4. Add teammate                |
| 5. Change teammate             |
| 6. Exit                        |
==================================
>     1. aaaaaaaaaaaaaa00
    2. aaaaaaaaaaaaaa01
    3. 
    4. 
    5. 
    6. 
    7. 
    8. 
    9. 
    10. 
New member : ==================================
|       BABY AnD SIMULATOR       |
==================================
| 1. CTF player profile          |
| 2. Set  name                   |
| 3. Join team                   |
| 4. Add teammate                |
| 5. Change teammate             |
| 6. Exit                        |
==================================
>     1. aaaaaaaaaaaaaa00
    2. aaaaaaaaaaaaaa01
    3. aaaaaaaaaaaaaa02
    4. 
    5. 
    6. 
    7. 
    8. 
    9. 
    10. 
New member : ==================================
|       BABY AnD SIMULATOR       |
==================================
| 1. CTF player profile          |
| 2. Set  name                   |
| 3. Join team                   |
| 4. Add teammate                |
| 5. Change teammate             |
| 6. Exit                        |
==================================
>     1. aaaaaaaaaaaaaa00
    2. aaaaaaaaaaaaaa01
    3. aaaaaaaaaaaaaa02
    4. aaaaaaaaaaaaaa03
    5. 
    6. 
    7. 
    8. 
    9. 
    10. 
New member : ==================================
|       BABY AnD SIMULATOR       |
==================================
| 1. CTF player profile          |
| 2. Set  name                   |
| 3. Join team                   |
| 4. Add teammate                |
| 5. Change teammate             |
| 6. Exit                        |
==================================
>     1. aaaaaaaaaaaaaa00
    2. aaaaaaaaaaaaaa01
    3. aaaaaaaaaaaaaa02
    4. aaaaaaaaaaaaaa03
    5. aaaaaaaaaaaaaa04
    6. 
    7. 
    8. 
    9. 
    10. 
New member : ==================================
|       BABY AnD SIMULATOR       |
==================================
| 1. CTF player profile          |
| 2. Set  name                   |
| 3. Join team                   |
| 4. Add teammate                |
| 5. Change teammate             |
| 6. Exit                        |
==================================
>     1. aaaaaaaaaaaaaa00
    2. aaaaaaaaaaaaaa01
    3. aaaaaaaaaaaaaa02
    4. aaaaaaaaaaaaaa03
    5. aaaaaaaaaaaaaa04
    6. aaaaaaaaaaaaaa05
    7. 
    8. 
    9. 
    10. 
New member : ==================================
|       BABY AnD SIMULATOR       |
==================================
| 1. CTF player profile          |
| 2. Set  name                   |
| 3. Join team                   |
| 4. Add teammate                |
| 5. Change teammate             |
| 6. Exit                        |
==================================
>     1. aaaaaaaaaaaaaa00
    2. aaaaaaaaaaaaaa01
    3. aaaaaaaaaaaaaa02
    4. aaaaaaaaaaaaaa03
    5. aaaaaaaaaaaaaa04
    6. aaaaaaaaaaaaaa05
    7. aaaaaaaaaaaaaa06
    8. 
    9. 
    10. 
New member : ==================================
|       BABY AnD SIMULATOR       |
==================================
| 1. CTF player profile          |
| 2. Set  name                   |
| 3. Join team                   |
| 4. Add teammate                |
| 5. Change teammate             |
| 6. Exit                        |
==================================
>     1. aaaaaaaaaaaaaa00
    2. aaaaaaaaaaaaaa01
    3. aaaaaaaaaaaaaa02
    4. aaaaaaaaaaaaaa03
    5. aaaaaaaaaaaaaa04
    6. aaaaaaaaaaaaaa05
    7. aaaaaaaaaaaaaa06
    8. aaaaaaaaaaaaaa07
    9. 
    10. 
New member : ==================================
|       BABY AnD SIMULATOR       |
==================================
| 1. CTF player profile          |
| 2. Set  name                   |
| 3. Join team                   |
| 4. Add teammate                |
| 5. Change teammate             |
| 6. Exit                        |
==================================
>     1. aaaaaaaaaaaaaa00
    2. aaaaaaaaaaaaaa01
    3. aaaaaaaaaaaaaa02
    4. aaaaaaaaaaaaaa03
    5. aaaaaaaaaaaaaa04
    6. aaaaaaaaaaaaaa05
    7. aaaaaaaaaaaaaa06
    8. aaaaaaaaaaaaaa07
    9. aaaaaaaaaaaaaa08
    10. 
New member : ==================================
|       BABY AnD SIMULATOR       |
==================================
| 1. CTF player profile          |
| 2. Set  name                   |
| 3. Join team                   |
| 4. Add teammate                |
| 5. Change teammate             |
| 6. Exit                        |
==================================
>     1. aaaaaaaaaaaaaa00
    2. aaaaaaaaaaaaaa01
    3. aaaaaaaaaaaaaa02
    4. aaaaaaaaaaaaaa03
    5. aaaaaaaaaaaaaa04
    6. aaaaaaaaaaaaaa05
    7. aaaaaaaaaaaaaa06
    8. aaaaaaaaaaaaaa07
    9. aaaaaaaaaaaaaa08
    10. aaaaaaaaaaaaaa09
New member : You already have 10 teammates
==================================
|       BABY AnD SIMULATOR       |
==================================
| 1. CTF player profile          |
| 2. Set  name                   |
| 3. Join team                   |
| 4. Add teammate                |
| 5. Change teammate             |
| 6. Exit                        |
==================================
>     1. aaaaaaaaaaaaaa00
    2. aaaaaaaaaaaaaa01
    3. aaaaaaaaaaaaaa02
    4. aaaaaaaaaaaaaa03
    5. aaaaaaaaaaaaaa04
    6. aaaaaaaaaaaaaa05
    7. aaaaaaaaaaaaaa06
    8. aaaaaaaaaaaaaa07
    9. aaaaaaaaaaaaaa08
    10. aaaaaaaaaaaaaa09
New member : You already have 10 teammates
==================================
|       BABY AnD SIMULATOR       |
==================================
| 1. CTF player profile          |
| 2. Set  name                   |
| 3. Join team                   |
| 4. Add teammate                |
| 5. Change teammate             |
| 6. Exit                        |
==================================
>     1. aaaaaaaaaaaaaa00
    2. aaaaaaaaaaaaaa01
    3. aaaaaaaaaaaaaa02
    4. aaaaaaaaaaaaaa03
    5. aaaaaaaaaaaaaa04
    6. aaaaaaaaaaaaaa05
    7. aaaaaaaaaaaaaa06
    8. aaaaaaaaaaaaaa07
    9. aaaaaaaaaaaaaa08
    10. aaaaaaaaaaaaaa09
Which member you want to change?
New member : ==================================
|       BABY AnD SIMULATOR       |
==================================
| 1. CTF player profile          |
| 2. Set  name                   |
| 3. Join team                   |
| 4. Add teammate                |
| 5. Change teammate             |
| 6. Exit                        |
==================================
>     1. zzzzz
    2. aaaaaaaaaaaaaa01
    3. aaaaaaaaaaaaaa02
    4. aaaaaaaaaaaaaa03
    5. aaaaaaaaaaaaaa04
    6. aaaaaaaaaaaaaa05
    7. aaaaaaaaaaaaaa06
    8. aaaaaaaaaaaaaa07
    9. aaaaaaaaaaaaaa08
    10. aaaaaaaaaaaaaa09
Which member you want to change?
New member : ==================================
|       BABY AnD SIMULATOR       |
==================================
| 1. CTF player profile          |
| 2. Set  name                   |
| 3. Join team                   |
| 4. Add teammate                |
| 5. Change teammate             |
| 6. Exit                        |
==================================
> Name: JoJo
Team: This_is_my_team
Teammate:
    1. zzzzz
    2. aaaaaaaaaaaaaa01
    3. aaaaaaaaaaaaaa02
    4. aaaaaaaaaaaaaa03
    5. aaaaaaaaaaaaaa04
    6. aaaaaaaaaaaaaa05
    7. aaaaaaaaaaaaaa06
    8. aaaaaaaaaaaaaa07
    9. aaaaaaaaaaaaaa08
    10. zzzzz
==================================
|       BABY AnD SIMULATOR       |
==================================
| 1. CTF player profile          |
| 2. Set  name                   |
| 3. Join team                   |
| 4. Add teammate                |
| 5. Change teammate             |
| 6. Exit                        |
==================================
> Name: JoJo
Team: This_is_my_team
Teammate:
    1. zzzzz
    2. aaaaaaaaaaaaaa01
    3. aaaaaaaaaaaaaa02
    4. aaaaaaaaaaaaaa03
    5. aaaaaaaaaaaaaa04
    6. aaaaaaaaaaaaaa05
    7. aaaaaaaaaaaaaa06
    8. aaaaaaaaaaaaaa07
    9. aaaaaaaaaaaaaa08
    10. zzzzz
==================================
|       BABY AnD SIMULATOR       |
==================================
| 1. CTF player profile          |
| 2. Set  name                   |
| 3. Join team                   |
| 4. Add teammate                |
| 5. Change teammate             |
| 6. Exit                        |
==================================
> 